<?xml version="1.0" encoding="UTF-8"?>
<!-- Generated by org.testng.reporters.JUnitReportReporter -->
<testsuite hostname="LAPTOP-G44JMDGV" failures="0" tests="1" name="testscripts.SecondTest" time="21.406" errors="0" timestamp="2023-02-18T08:21:45 IST" skipped="0">
  <testcase classname="testscripts.SecondTest" name="secondTest" time="21.406"/>
  <system-out/>
</testsuite> <!-- testscripts.SecondTest -->
