<?xml version="1.0" encoding="UTF-8"?>
<!-- Generated by org.testng.reporters.JUnitReportReporter -->
<testsuite hostname="LAPTOP-G44JMDGV" failures="0" tests="1" name="testscripts.ThirdTest" time="42.157" errors="0" timestamp="2023-02-18T09:12:25 IST" skipped="0">
  <testcase classname="testscripts.ThirdTest" name="thirdTest" time="42.157"/>
  <system-out/>
</testsuite> <!-- testscripts.ThirdTest -->
