<?xml version="1.0" encoding="UTF-8"?>
<!-- Generated by org.testng.reporters.JUnitReportReporter -->
<testsuite hostname="LAPTOP-G44JMDGV" failures="0" tests="1" name="testscripts.FirstTest" time="46.664" errors="0" timestamp="2023-02-18T08:08:28 IST" skipped="0">
  <testcase classname="testscripts.FirstTest" name="firstTest" time="46.664"/>
  <system-out/>
</testsuite> <!-- testscripts.FirstTest -->
